[INFO ] 2019-03-26 17:31:19.798 [main] loginPage - driver is initialized
[INFO ] 2019-03-26 17:31:20.670 [main] loginPage - Sucessfully login
[INFO ] 2019-03-26 17:31:37.846 [main] loginPage - driver is initialized
[INFO ] 2019-03-26 17:31:38.600 [main] loginPage - Sucessfully login
[INFO ] 2019-03-26 17:31:40.509 [main] PartA - Start testing the part A Negative Testing 
[INFO ] 2019-03-26 17:31:42.495 [main] PartA - Start testing the part A Postive Testing 
[INFO ] 2019-03-26 17:31:43.716 [main] PartA - https://egovtest.eeoc.gov/FedSep/jsp/secure/partdata715A.jsf
[INFO ] 2019-03-26 17:31:43.716 [main] PartA - Part A successfull passed 
[INFO ] 2019-03-26 17:31:50.673 [main] loginPage - driver is initialized
[INFO ] 2019-03-26 17:31:51.414 [main] loginPage - Sucessfully login
[INFO ] 2019-03-26 17:31:53.349 [main] PartB - Start testing the part B Negative Testing 
[INFO ] 2019-03-26 17:31:56.240 [main] PartB - Start testing the part B Postive Testing 
[INFO ] 2019-03-26 17:32:03.761 [main] PartB - https://egovtest.eeoc.gov/FedSep/jsp/secure/partdata715B.jsf?currentPartPage=B
[INFO ] 2019-03-26 17:32:03.761 [main] PartB - Part B successfull passed 
[INFO ] 2019-03-26 17:32:10.651 [main] loginPage - driver is initialized
[INFO ] 2019-03-26 17:32:11.445 [main] loginPage - Sucessfully login
[INFO ] 2019-03-27 09:54:36.680 [main] loginPage - driver is initialized
[INFO ] 2019-03-27 09:54:37.626 [main] loginPage - Sucessfully login
[INFO ] 2019-03-27 09:54:55.033 [main] loginPage - driver is initialized
[INFO ] 2019-03-27 09:54:55.913 [main] loginPage - Sucessfully login
[INFO ] 2019-03-27 09:54:58.137 [main] PartA - Start testing the part A Negative Testing 
[INFO ] 2019-03-27 09:55:01.682 [main] PartA - Start testing the part A Postive Testing 
[INFO ] 2019-03-27 09:55:02.771 [main] PartA - https://egovtest.eeoc.gov/FedSep/jsp/secure/partdata715A.jsf
[INFO ] 2019-03-27 09:55:02.771 [main] PartA - Part A successfull passed 
[INFO ] 2019-03-27 09:55:09.688 [main] loginPage - driver is initialized
[INFO ] 2019-03-27 09:55:10.595 [main] loginPage - Sucessfully login
[INFO ] 2019-03-27 09:55:12.866 [main] PartB - Start testing the part B Negative Testing 
[INFO ] 2019-03-27 09:55:15.479 [main] PartB - Start testing the part B Postive Testing 
[INFO ] 2019-03-27 09:55:22.949 [main] PartB - https://egovtest.eeoc.gov/FedSep/jsp/secure/partdata715B.jsf?currentPartPage=B
[INFO ] 2019-03-27 09:55:22.949 [main] PartB - Part B successfull passed 
[INFO ] 2019-03-27 09:55:30.522 [main] loginPage - driver is initialized
[INFO ] 2019-03-27 09:55:31.526 [main] loginPage - Sucessfully login
